0 info it worked if it ends with ok
1 verbose cli [ 'C:\\Program Files\\nodejs\\node.exe',
1 verbose cli   'C:\\Program Files\\nodejs\\node_modules\\npm\\bin\\npm-cli.js',
1 verbose cli   'update' ]
2 info using npm@3.6.0
3 info using node@v5.7.0
4 silly mapToRegistry name connectionUtil.js
5 silly mapToRegistry using default registry
6 silly mapToRegistry registry https://registry.npmjs.org/
7 silly mapToRegistry uri https://registry.npmjs.org/connectionUtil.js
8 silly mapToRegistry name dao.js
9 silly mapToRegistry using default registry
10 silly mapToRegistry registry https://registry.npmjs.org/
11 silly mapToRegistry uri https://registry.npmjs.org/dao.js
12 silly mapToRegistry name jsonUtil.js
13 silly mapToRegistry using default registry
14 silly mapToRegistry registry https://registry.npmjs.org/
15 silly mapToRegistry uri https://registry.npmjs.org/jsonUtil.js
16 silly mapToRegistry name util2.js
17 silly mapToRegistry using default registry
18 silly mapToRegistry registry https://registry.npmjs.org/
19 silly mapToRegistry uri https://registry.npmjs.org/util2.js
20 silly mapToRegistry name api-easy
21 silly mapToRegistry using default registry
22 silly mapToRegistry registry https://registry.npmjs.org/
23 silly mapToRegistry uri https://registry.npmjs.org/api-easy
24 silly mapToRegistry name async
25 silly mapToRegistry using default registry
26 silly mapToRegistry registry https://registry.npmjs.org/
27 silly mapToRegistry uri https://registry.npmjs.org/async
28 silly mapToRegistry name body-parser
29 silly mapToRegistry using default registry
30 silly mapToRegistry registry https://registry.npmjs.org/
31 silly mapToRegistry uri https://registry.npmjs.org/body-parser
32 silly mapToRegistry name cookie-session
33 silly mapToRegistry using default registry
34 silly mapToRegistry registry https://registry.npmjs.org/
35 silly mapToRegistry uri https://registry.npmjs.org/cookie-session
36 silly mapToRegistry name ejs
37 silly mapToRegistry using default registry
38 silly mapToRegistry registry https://registry.npmjs.org/
39 silly mapToRegistry uri https://registry.npmjs.org/ejs
40 silly mapToRegistry name express
41 silly mapToRegistry using default registry
42 silly mapToRegistry registry https://registry.npmjs.org/
43 silly mapToRegistry uri https://registry.npmjs.org/express
44 silly mapToRegistry name oracledb
45 silly mapToRegistry using default registry
46 silly mapToRegistry registry https://registry.npmjs.org/
47 silly mapToRegistry uri https://registry.npmjs.org/oracledb
48 verbose request uri https://registry.npmjs.org/connectionUtil.js
49 verbose request no auth needed
50 info attempt registry request try #1 at 16:53:21
51 verbose request using bearer token for auth
52 verbose request id 0f75874d2f480595
53 http request GET https://registry.npmjs.org/connectionUtil.js
54 verbose request uri https://registry.npmjs.org/dao.js
55 verbose request no auth needed
56 info attempt registry request try #1 at 16:53:21
57 verbose request using bearer token for auth
58 http request GET https://registry.npmjs.org/dao.js
59 verbose request uri https://registry.npmjs.org/jsonUtil.js
60 verbose request no auth needed
61 info attempt registry request try #1 at 16:53:21
62 verbose request using bearer token for auth
63 http request GET https://registry.npmjs.org/jsonUtil.js
64 verbose request uri https://registry.npmjs.org/util2.js
65 verbose request no auth needed
66 info attempt registry request try #1 at 16:53:21
67 verbose request using bearer token for auth
68 http request GET https://registry.npmjs.org/util2.js
69 verbose request uri https://registry.npmjs.org/api-easy
70 verbose request no auth needed
71 info attempt registry request try #1 at 16:53:21
72 verbose request using bearer token for auth
73 http request GET https://registry.npmjs.org/api-easy
74 verbose request uri https://registry.npmjs.org/async
75 verbose request no auth needed
76 info attempt registry request try #1 at 16:53:21
77 verbose request using bearer token for auth
78 http request GET https://registry.npmjs.org/async
79 verbose request uri https://registry.npmjs.org/body-parser
80 verbose request no auth needed
81 info attempt registry request try #1 at 16:53:21
82 verbose request using bearer token for auth
83 http request GET https://registry.npmjs.org/body-parser
84 verbose request uri https://registry.npmjs.org/cookie-session
85 verbose request no auth needed
86 info attempt registry request try #1 at 16:53:21
87 verbose request using bearer token for auth
88 http request GET https://registry.npmjs.org/cookie-session
89 verbose request uri https://registry.npmjs.org/ejs
90 verbose request no auth needed
91 info attempt registry request try #1 at 16:53:21
92 verbose request using bearer token for auth
93 http request GET https://registry.npmjs.org/ejs
94 verbose request uri https://registry.npmjs.org/express
95 verbose request no auth needed
96 info attempt registry request try #1 at 16:53:21
97 verbose request using bearer token for auth
98 http request GET https://registry.npmjs.org/express
99 verbose request uri https://registry.npmjs.org/oracledb
100 verbose request no auth needed
101 info attempt registry request try #1 at 16:53:21
102 verbose request using bearer token for auth
103 http request GET https://registry.npmjs.org/oracledb
104 http 404 https://registry.npmjs.org/jsonUtil.js
105 verbose headers { 'content-type': 'application/json',
105 verbose headers   'cache-control': 'max-age=0',
105 verbose headers   'content-length': '2',
105 verbose headers   'accept-ranges': 'bytes',
105 verbose headers   date: 'Thu, 11 Aug 2016 14:48:14 GMT',
105 verbose headers   via: '1.1 varnish',
105 verbose headers   connection: 'close',
105 verbose headers   'x-served-by': 'cache-ams4433-AMS',
105 verbose headers   'x-cache': 'MISS',
105 verbose headers   'x-cache-hits': '0',
105 verbose headers   'x-timer': 'S1470926894.645377,VS0,VE149',
105 verbose headers   vary: 'Accept-Encoding' }
106 silly get cb [ 404,
106 silly get   { 'content-type': 'application/json',
106 silly get     'cache-control': 'max-age=0',
106 silly get     'content-length': '2',
106 silly get     'accept-ranges': 'bytes',
106 silly get     date: 'Thu, 11 Aug 2016 14:48:14 GMT',
106 silly get     via: '1.1 varnish',
106 silly get     connection: 'close',
106 silly get     'x-served-by': 'cache-ams4433-AMS',
106 silly get     'x-cache': 'MISS',
106 silly get     'x-cache-hits': '0',
106 silly get     'x-timer': 'S1470926894.645377,VS0,VE149',
106 silly get     vary: 'Accept-Encoding' } ]
107 http 200 https://registry.npmjs.org/async
108 verbose headers { server: 'CouchDB/1.5.0 (Erlang OTP/R16B03)',
108 verbose headers   etag: '"8ACFUYL75N00EGW3Z3MQ5J9XX"',
108 verbose headers   'content-type': 'application/json',
108 verbose headers   'content-encoding': 'gzip',
108 verbose headers   'cache-control': 'max-age=300',
108 verbose headers   'transfer-encoding': 'chunked',
108 verbose headers   'accept-ranges': 'bytes',
108 verbose headers   date: 'Thu, 11 Aug 2016 14:48:14 GMT',
108 verbose headers   via: '1.1 varnish',
108 verbose headers   connection: 'close',
108 verbose headers   'x-served-by': 'cache-ams4139-AMS',
108 verbose headers   'x-cache': 'MISS',
108 verbose headers   'x-cache-hits': '0',
108 verbose headers   'x-timer': 'S1470926894.652295,VS0,VE143',
108 verbose headers   vary: 'Accept-Encoding' }
109 silly get cb [ 200,
109 silly get   { server: 'CouchDB/1.5.0 (Erlang OTP/R16B03)',
109 silly get     etag: '"8ACFUYL75N00EGW3Z3MQ5J9XX"',
109 silly get     'content-type': 'application/json',
109 silly get     'content-encoding': 'gzip',
109 silly get     'cache-control': 'max-age=300',
109 silly get     'transfer-encoding': 'chunked',
109 silly get     'accept-ranges': 'bytes',
109 silly get     date: 'Thu, 11 Aug 2016 14:48:14 GMT',
109 silly get     via: '1.1 varnish',
109 silly get     connection: 'close',
109 silly get     'x-served-by': 'cache-ams4139-AMS',
109 silly get     'x-cache': 'MISS',
109 silly get     'x-cache-hits': '0',
109 silly get     'x-timer': 'S1470926894.652295,VS0,VE143',
109 silly get     vary: 'Accept-Encoding' } ]
110 verbose get saving async to D:\Users\Edgar\AppData\Roaming\npm-cache\registry.npmjs.org\async\.cache.json
111 verbose correctMkdir D:\Users\Edgar\AppData\Roaming\npm-cache correctMkdir not in flight; initializing
112 http 200 https://registry.npmjs.org/cookie-session
113 verbose headers { server: 'CouchDB/1.5.0 (Erlang OTP/R16B03)',
113 verbose headers   etag: '"UA0SNT44GB73LQ2QSXA19D6F"',
113 verbose headers   'content-type': 'application/json',
113 verbose headers   'content-encoding': 'gzip',
113 verbose headers   'cache-control': 'max-age=300',
113 verbose headers   'transfer-encoding': 'chunked',
113 verbose headers   'accept-ranges': 'bytes',
113 verbose headers   date: 'Thu, 11 Aug 2016 14:48:14 GMT',
113 verbose headers   via: '1.1 varnish',
113 verbose headers   connection: 'close',
113 verbose headers   'x-served-by': 'cache-ams4139-AMS',
113 verbose headers   'x-cache': 'MISS',
113 verbose headers   'x-cache-hits': '0',
113 verbose headers   'x-timer': 'S1470926894.661246,VS0,VE270',
113 verbose headers   vary: 'Accept-Encoding' }
114 silly get cb [ 200,
114 silly get   { server: 'CouchDB/1.5.0 (Erlang OTP/R16B03)',
114 silly get     etag: '"UA0SNT44GB73LQ2QSXA19D6F"',
114 silly get     'content-type': 'application/json',
114 silly get     'content-encoding': 'gzip',
114 silly get     'cache-control': 'max-age=300',
114 silly get     'transfer-encoding': 'chunked',
114 silly get     'accept-ranges': 'bytes',
114 silly get     date: 'Thu, 11 Aug 2016 14:48:14 GMT',
114 silly get     via: '1.1 varnish',
114 silly get     connection: 'close',
114 silly get     'x-served-by': 'cache-ams4139-AMS',
114 silly get     'x-cache': 'MISS',
114 silly get     'x-cache-hits': '0',
114 silly get     'x-timer': 'S1470926894.661246,VS0,VE270',
114 silly get     vary: 'Accept-Encoding' } ]
115 verbose get saving cookie-session to D:\Users\Edgar\AppData\Roaming\npm-cache\registry.npmjs.org\cookie-session\.cache.json
116 verbose correctMkdir D:\Users\Edgar\AppData\Roaming\npm-cache correctMkdir not in flight; initializing
117 http 404 https://registry.npmjs.org/util2.js
118 verbose headers { 'content-type': 'application/json',
118 verbose headers   'cache-control': 'max-age=0',
118 verbose headers   'content-length': '2',
118 verbose headers   'accept-ranges': 'bytes',
118 verbose headers   date: 'Thu, 11 Aug 2016 14:48:15 GMT',
118 verbose headers   via: '1.1 varnish',
118 verbose headers   connection: 'close',
118 verbose headers   'x-served-by': 'cache-ams4423-AMS',
118 verbose headers   'x-cache': 'MISS',
118 verbose headers   'x-cache-hits': '0',
118 verbose headers   'x-timer': 'S1470926894.646614,VS0,VE380',
118 verbose headers   vary: 'Accept-Encoding' }
119 silly get cb [ 404,
119 silly get   { 'content-type': 'application/json',
119 silly get     'cache-control': 'max-age=0',
119 silly get     'content-length': '2',
119 silly get     'accept-ranges': 'bytes',
119 silly get     date: 'Thu, 11 Aug 2016 14:48:15 GMT',
119 silly get     via: '1.1 varnish',
119 silly get     connection: 'close',
119 silly get     'x-served-by': 'cache-ams4423-AMS',
119 silly get     'x-cache': 'MISS',
119 silly get     'x-cache-hits': '0',
119 silly get     'x-timer': 'S1470926894.646614,VS0,VE380',
119 silly get     vary: 'Accept-Encoding' } ]
120 http 200 https://registry.npmjs.org/ejs
121 verbose headers { server: 'CouchDB/1.6.1 (Erlang OTP/R16B03)',
121 verbose headers   etag: '"66CRA3W3U17L79BSLBWZKLLFN"',
121 verbose headers   'content-type': 'application/json',
121 verbose headers   'content-encoding': 'gzip',
121 verbose headers   'cache-control': 'max-age=300',
121 verbose headers   'transfer-encoding': 'chunked',
121 verbose headers   'accept-ranges': 'bytes',
121 verbose headers   date: 'Thu, 11 Aug 2016 14:48:15 GMT',
121 verbose headers   via: '1.1 varnish',
121 verbose headers   connection: 'close',
121 verbose headers   'x-served-by': 'cache-ams4433-AMS',
121 verbose headers   'x-cache': 'MISS',
121 verbose headers   'x-cache-hits': '0',
121 verbose headers   'x-timer': 'S1470926894.650792,VS0,VE421',
121 verbose headers   vary: 'Accept-Encoding' }
122 silly get cb [ 200,
122 silly get   { server: 'CouchDB/1.6.1 (Erlang OTP/R16B03)',
122 silly get     etag: '"66CRA3W3U17L79BSLBWZKLLFN"',
122 silly get     'content-type': 'application/json',
122 silly get     'content-encoding': 'gzip',
122 silly get     'cache-control': 'max-age=300',
122 silly get     'transfer-encoding': 'chunked',
122 silly get     'accept-ranges': 'bytes',
122 silly get     date: 'Thu, 11 Aug 2016 14:48:15 GMT',
122 silly get     via: '1.1 varnish',
122 silly get     connection: 'close',
122 silly get     'x-served-by': 'cache-ams4433-AMS',
122 silly get     'x-cache': 'MISS',
122 silly get     'x-cache-hits': '0',
122 silly get     'x-timer': 'S1470926894.650792,VS0,VE421',
122 silly get     vary: 'Accept-Encoding' } ]
123 verbose get saving ejs to D:\Users\Edgar\AppData\Roaming\npm-cache\registry.npmjs.org\ejs\.cache.json
124 verbose correctMkdir D:\Users\Edgar\AppData\Roaming\npm-cache correctMkdir not in flight; initializing
125 http 200 https://registry.npmjs.org/api-easy
126 verbose headers { server: 'CouchDB/1.5.0 (Erlang OTP/R16B03)',
126 verbose headers   etag: '"5Q7LV01KYN6KSMNXGGWBCVZV4"',
126 verbose headers   'content-type': 'application/json',
126 verbose headers   'content-encoding': 'gzip',
126 verbose headers   'cache-control': 'max-age=300',
126 verbose headers   'transfer-encoding': 'chunked',
126 verbose headers   'accept-ranges': 'bytes',
126 verbose headers   date: 'Thu, 11 Aug 2016 14:48:15 GMT',
126 verbose headers   via: '1.1 varnish',
126 verbose headers   connection: 'close',
126 verbose headers   'x-served-by': 'cache-ams4132-AMS',
126 verbose headers   'x-cache': 'MISS',
126 verbose headers   'x-cache-hits': '0',
126 verbose headers   'x-timer': 'S1470926894.645405,VS0,VE750',
126 verbose headers   vary: 'Accept-Encoding' }
127 silly get cb [ 200,
127 silly get   { server: 'CouchDB/1.5.0 (Erlang OTP/R16B03)',
127 silly get     etag: '"5Q7LV01KYN6KSMNXGGWBCVZV4"',
127 silly get     'content-type': 'application/json',
127 silly get     'content-encoding': 'gzip',
127 silly get     'cache-control': 'max-age=300',
127 silly get     'transfer-encoding': 'chunked',
127 silly get     'accept-ranges': 'bytes',
127 silly get     date: 'Thu, 11 Aug 2016 14:48:15 GMT',
127 silly get     via: '1.1 varnish',
127 silly get     connection: 'close',
127 silly get     'x-served-by': 'cache-ams4132-AMS',
127 silly get     'x-cache': 'MISS',
127 silly get     'x-cache-hits': '0',
127 silly get     'x-timer': 'S1470926894.645405,VS0,VE750',
127 silly get     vary: 'Accept-Encoding' } ]
128 verbose get saving api-easy to D:\Users\Edgar\AppData\Roaming\npm-cache\registry.npmjs.org\api-easy\.cache.json
129 verbose correctMkdir D:\Users\Edgar\AppData\Roaming\npm-cache correctMkdir not in flight; initializing
130 http 404 https://registry.npmjs.org/connectionUtil.js
131 verbose headers { 'content-type': 'application/json',
131 verbose headers   'cache-control': 'max-age=0',
131 verbose headers   'content-length': '2',
131 verbose headers   'accept-ranges': 'bytes',
131 verbose headers   date: 'Thu, 11 Aug 2016 14:48:15 GMT',
131 verbose headers   via: '1.1 varnish',
131 verbose headers   connection: 'close',
131 verbose headers   'x-served-by': 'cache-ams4138-AMS',
131 verbose headers   'x-cache': 'MISS',
131 verbose headers   'x-cache-hits': '0',
131 verbose headers   'x-timer': 'S1470926894.651437,VS0,VE758',
131 verbose headers   vary: 'Accept-Encoding' }
132 silly get cb [ 404,
132 silly get   { 'content-type': 'application/json',
132 silly get     'cache-control': 'max-age=0',
132 silly get     'content-length': '2',
132 silly get     'accept-ranges': 'bytes',
132 silly get     date: 'Thu, 11 Aug 2016 14:48:15 GMT',
132 silly get     via: '1.1 varnish',
132 silly get     connection: 'close',
132 silly get     'x-served-by': 'cache-ams4138-AMS',
132 silly get     'x-cache': 'MISS',
132 silly get     'x-cache-hits': '0',
132 silly get     'x-timer': 'S1470926894.651437,VS0,VE758',
132 silly get     vary: 'Accept-Encoding' } ]
133 http 200 https://registry.npmjs.org/express
134 verbose headers { server: 'CouchDB/1.5.0 (Erlang OTP/R16B03)',
134 verbose headers   etag: '"2K2GWY5RZEGC9E2QT8KXPCQ9V"',
134 verbose headers   'content-type': 'application/json',
134 verbose headers   'content-encoding': 'gzip',
134 verbose headers   'cache-control': 'max-age=300',
134 verbose headers   'transfer-encoding': 'chunked',
134 verbose headers   'accept-ranges': 'bytes',
134 verbose headers   date: 'Thu, 11 Aug 2016 14:48:15 GMT',
134 verbose headers   via: '1.1 varnish',
134 verbose headers   connection: 'close',
134 verbose headers   'x-served-by': 'cache-ams4424-AMS',
134 verbose headers   'x-cache': 'MISS',
134 verbose headers   'x-cache-hits': '0',
134 verbose headers   'x-timer': 'S1470926894.652965,VS0,VE569',
134 verbose headers   vary: 'Accept-Encoding' }
135 silly get cb [ 200,
135 silly get   { server: 'CouchDB/1.5.0 (Erlang OTP/R16B03)',
135 silly get     etag: '"2K2GWY5RZEGC9E2QT8KXPCQ9V"',
135 silly get     'content-type': 'application/json',
135 silly get     'content-encoding': 'gzip',
135 silly get     'cache-control': 'max-age=300',
135 silly get     'transfer-encoding': 'chunked',
135 silly get     'accept-ranges': 'bytes',
135 silly get     date: 'Thu, 11 Aug 2016 14:48:15 GMT',
135 silly get     via: '1.1 varnish',
135 silly get     connection: 'close',
135 silly get     'x-served-by': 'cache-ams4424-AMS',
135 silly get     'x-cache': 'MISS',
135 silly get     'x-cache-hits': '0',
135 silly get     'x-timer': 'S1470926894.652965,VS0,VE569',
135 silly get     vary: 'Accept-Encoding' } ]
136 verbose get saving express to D:\Users\Edgar\AppData\Roaming\npm-cache\registry.npmjs.org\express\.cache.json
137 verbose correctMkdir D:\Users\Edgar\AppData\Roaming\npm-cache correctMkdir not in flight; initializing
138 http 200 https://registry.npmjs.org/dao.js
139 verbose headers { server: 'CouchDB/1.5.0 (Erlang OTP/R16B03)',
139 verbose headers   etag: '"176NM076UK9FRLR5NRG77ER2S"',
139 verbose headers   'content-type': 'application/json',
139 verbose headers   'content-encoding': 'gzip',
139 verbose headers   'cache-control': 'max-age=300',
139 verbose headers   'transfer-encoding': 'chunked',
139 verbose headers   'accept-ranges': 'bytes',
139 verbose headers   date: 'Thu, 11 Aug 2016 14:48:15 GMT',
139 verbose headers   via: '1.1 varnish',
139 verbose headers   connection: 'close',
139 verbose headers   'x-served-by': 'cache-ams4426-AMS',
139 verbose headers   'x-cache': 'MISS',
139 verbose headers   'x-cache-hits': '0',
139 verbose headers   'x-timer': 'S1470926894.653110,VS0,VE768',
139 verbose headers   vary: 'Accept-Encoding' }
140 silly get cb [ 200,
140 silly get   { server: 'CouchDB/1.5.0 (Erlang OTP/R16B03)',
140 silly get     etag: '"176NM076UK9FRLR5NRG77ER2S"',
140 silly get     'content-type': 'application/json',
140 silly get     'content-encoding': 'gzip',
140 silly get     'cache-control': 'max-age=300',
140 silly get     'transfer-encoding': 'chunked',
140 silly get     'accept-ranges': 'bytes',
140 silly get     date: 'Thu, 11 Aug 2016 14:48:15 GMT',
140 silly get     via: '1.1 varnish',
140 silly get     connection: 'close',
140 silly get     'x-served-by': 'cache-ams4426-AMS',
140 silly get     'x-cache': 'MISS',
140 silly get     'x-cache-hits': '0',
140 silly get     'x-timer': 'S1470926894.653110,VS0,VE768',
140 silly get     vary: 'Accept-Encoding' } ]
141 verbose get saving dao.js to D:\Users\Edgar\AppData\Roaming\npm-cache\registry.npmjs.org\dao.js\.cache.json
142 verbose correctMkdir D:\Users\Edgar\AppData\Roaming\npm-cache correctMkdir not in flight; initializing
143 http 200 https://registry.npmjs.org/oracledb
144 verbose headers { server: 'CouchDB/1.5.0 (Erlang OTP/R16B03)',
144 verbose headers   etag: '"CB5ENNI86PVBXKITY7YA7LZ4L"',
144 verbose headers   'content-type': 'application/json',
144 verbose headers   'content-encoding': 'gzip',
144 verbose headers   'cache-control': 'max-age=300',
144 verbose headers   'transfer-encoding': 'chunked',
144 verbose headers   'accept-ranges': 'bytes',
144 verbose headers   date: 'Thu, 11 Aug 2016 14:48:15 GMT',
144 verbose headers   via: '1.1 varnish',
144 verbose headers   connection: 'close',
144 verbose headers   'x-served-by': 'cache-ams4146-AMS',
144 verbose headers   'x-cache': 'MISS',
144 verbose headers   'x-cache-hits': '0',
144 verbose headers   'x-timer': 'S1470926894.659624,VS0,VE768',
144 verbose headers   vary: 'Accept-Encoding' }
145 silly get cb [ 200,
145 silly get   { server: 'CouchDB/1.5.0 (Erlang OTP/R16B03)',
145 silly get     etag: '"CB5ENNI86PVBXKITY7YA7LZ4L"',
145 silly get     'content-type': 'application/json',
145 silly get     'content-encoding': 'gzip',
145 silly get     'cache-control': 'max-age=300',
145 silly get     'transfer-encoding': 'chunked',
145 silly get     'accept-ranges': 'bytes',
145 silly get     date: 'Thu, 11 Aug 2016 14:48:15 GMT',
145 silly get     via: '1.1 varnish',
145 silly get     connection: 'close',
145 silly get     'x-served-by': 'cache-ams4146-AMS',
145 silly get     'x-cache': 'MISS',
145 silly get     'x-cache-hits': '0',
145 silly get     'x-timer': 'S1470926894.659624,VS0,VE768',
145 silly get     vary: 'Accept-Encoding' } ]
146 verbose get saving oracledb to D:\Users\Edgar\AppData\Roaming\npm-cache\registry.npmjs.org\oracledb\.cache.json
147 verbose correctMkdir D:\Users\Edgar\AppData\Roaming\npm-cache correctMkdir not in flight; initializing
148 http 200 https://registry.npmjs.org/body-parser
149 verbose headers { server: 'CouchDB/1.5.0 (Erlang OTP/R16B03)',
149 verbose headers   etag: '"DN6NGAHYK1E9T9RHEGALFHHKS"',
149 verbose headers   'content-type': 'application/json',
149 verbose headers   'content-encoding': 'gzip',
149 verbose headers   'cache-control': 'max-age=300',
149 verbose headers   'transfer-encoding': 'chunked',
149 verbose headers   'accept-ranges': 'bytes',
149 verbose headers   date: 'Thu, 11 Aug 2016 14:48:15 GMT',
149 verbose headers   via: '1.1 varnish',
149 verbose headers   connection: 'close',
149 verbose headers   'x-served-by': 'cache-ams4443-AMS',
149 verbose headers   'x-cache': 'MISS',
149 verbose headers   'x-cache-hits': '0',
149 verbose headers   'x-timer': 'S1470926894.657460,VS0,VE801',
149 verbose headers   vary: 'Accept-Encoding' }
150 silly get cb [ 200,
150 silly get   { server: 'CouchDB/1.5.0 (Erlang OTP/R16B03)',
150 silly get     etag: '"DN6NGAHYK1E9T9RHEGALFHHKS"',
150 silly get     'content-type': 'application/json',
150 silly get     'content-encoding': 'gzip',
150 silly get     'cache-control': 'max-age=300',
150 silly get     'transfer-encoding': 'chunked',
150 silly get     'accept-ranges': 'bytes',
150 silly get     date: 'Thu, 11 Aug 2016 14:48:15 GMT',
150 silly get     via: '1.1 varnish',
150 silly get     connection: 'close',
150 silly get     'x-served-by': 'cache-ams4443-AMS',
150 silly get     'x-cache': 'MISS',
150 silly get     'x-cache-hits': '0',
150 silly get     'x-timer': 'S1470926894.657460,VS0,VE801',
150 silly get     vary: 'Accept-Encoding' } ]
151 verbose get saving body-parser to D:\Users\Edgar\AppData\Roaming\npm-cache\registry.npmjs.org\body-parser\.cache.json
152 verbose correctMkdir D:\Users\Edgar\AppData\Roaming\npm-cache correctMkdir not in flight; initializing
153 verbose stack Error: Registry returned 404 for GET on https://registry.npmjs.org/jsonUtil.js
153 verbose stack     at makeError (C:\Program Files\nodejs\node_modules\npm\node_modules\npm-registry-client\lib\request.js:264:12)
153 verbose stack     at CachingRegistryClient.<anonymous> (C:\Program Files\nodejs\node_modules\npm\node_modules\npm-registry-client\lib\request.js:242:14)
153 verbose stack     at Request._callback (C:\Program Files\nodejs\node_modules\npm\node_modules\npm-registry-client\lib\request.js:172:14)
153 verbose stack     at Request.self.callback (C:\Program Files\nodejs\node_modules\npm\node_modules\request\request.js:198:22)
153 verbose stack     at emitTwo (events.js:100:13)
153 verbose stack     at Request.emit (events.js:185:7)
153 verbose stack     at Request.<anonymous> (C:\Program Files\nodejs\node_modules\npm\node_modules\request\request.js:1035:10)
153 verbose stack     at emitOne (events.js:95:20)
153 verbose stack     at Request.emit (events.js:182:7)
153 verbose stack     at IncomingMessage.<anonymous> (C:\Program Files\nodejs\node_modules\npm\node_modules\request\request.js:962:12)
154 verbose statusCode 404
155 verbose pkgid jsonUtil.js
156 verbose cwd D:\Users\Edgar\wrk\nodeTest
157 error Windows_NT 6.1.7601
158 error argv "C:\\Program Files\\nodejs\\node.exe" "C:\\Program Files\\nodejs\\node_modules\\npm\\bin\\npm-cli.js" "update"
159 error node v5.7.0
160 error npm  v3.6.0
161 error code E404
162 error 404 Registry returned 404 for GET on https://registry.npmjs.org/jsonUtil.js
163 error 404
164 error 404 'jsonUtil.js' is not in the npm registry.
165 error 404 Your package name is not valid, because
166 error 404 1. name can no longer contain capital letters
167 error 404 Note that you can also install from a
168 error 404 tarball, folder, http url, or git url.
169 verbose exit [ 1, true ]
